Starting Dynare (version 6.2).
Calling Dynare with arguments: none
Starting preprocessing of the model file ... 
Found 13 equation(s). 
Evaluating expressions... 
Computing static model derivatives (order 1). 
Normalizing the static model... 
Finding the optimal block decomposition of the static model... 
3 block(s) found: 
  2 recursive block(s) and 1 simultaneous block(s). 
  the largest simultaneous block has 8 equation(s) 
                                 and 8 feedback variable(s). 
Computing dynamic model derivatives (order 1). 
Normalizing the dynamic model... 
Finding the optimal block decomposition of the dynamic model... 
3 block(s) found: 
  2 recursive block(s) and 1 simultaneous block(s). 
  the largest simultaneous block has 8 equation(s) 
                                 and 7 feedback variable(s). 
Preprocessing completed. 
Preprocessing time: 0h00m03s.

STEADY-STATE RESULTS:

y   		 1.48649
c   		 1.11695
k   		 3.39769
i   		 0.339769
h   		 1.00742
A   		 1
y_h 		 1.47554
w   		 1.00337
d   		 0.7442
tb  		 2.9768
ca  		 2.94703
p   		 0
r   		 0.04

MODEL SUMMARY

  Number of variables:         13
  Number of stochastic shocks: 1
  Number of state variables:   3
  Number of jumpers:           4
  Number of static variables:  7


MATRIX OF COVARIANCE OF EXOGENOUS SHOCKS
Variables           e
e            0.000166

POLICY AND TRANSITION FUNCTIONS
                                   y               c               k               i               h               A             y_h               w               d              tb              ca               p               r
Constant                    1.486487        1.116951        3.397685        0.339769        1.007418        1.000000        1.475542        1.003368        0.744200        2.976800        2.947032               0        0.040000
A(-1)                       1.172119        0.591192        0.960486        0.960486        0.545956        0.420000        0.363840        0.247411        0.379558      -37.955824      -37.955824               0               0
d(-1)                              0       -0.043832       -0.022834       -0.022834               0               0               0               0        0.973887        6.666522        6.625970        0.000742        0.000742
k(-1)                       0.262839        0.166366        0.492513       -0.407487        0.122426               0        0.081588        0.055480       -0.503960       50.395997       50.395997               0               0
e                           2.790760        1.407600        2.286870        2.286870        1.299894        1.000000        0.866286        0.589074        0.903710      -90.371011      -90.371011               0               0


THEORETICAL MOMENTS
VARIABLE         MEAN  STD. DEV.   VARIANCE
y              1.4865     0.0458     0.0021
c              1.1170     0.0302     0.0009
k              3.3977     0.0488     0.0024
i              0.3398     0.0308     0.0009
h              1.0074     0.0213     0.0005
A              1.0000     0.0142     0.0002
y_h            1.4755     0.0142     0.0002
w              1.0034     0.0097     0.0001
d              0.7442     0.3588     0.1287
tb             2.9768     2.6534     7.0403
ca             2.9470     2.6451     6.9963
p              0.0000     0.0003     0.0000
r              0.0400     0.0003     0.0000



MATRIX OF CORRELATIONS
Variables          y        c        k        i        h        A      y_h        w        d       tb       ca        p        r
y             1.0000   0.8440   0.9455   0.6652   1.0000   0.9649   1.0000   1.0000  -0.0940  -0.0062  -0.0058  -0.0908  -0.0908
c             0.8440   1.0000   0.9401   0.5151   0.8440   0.7528   0.8440   0.8440  -0.6133  -0.2791  -0.2766  -0.6092  -0.6092
k             0.9455   0.9401   1.0000   0.4658   0.9455   0.8373   0.9455   0.9455  -0.3495   0.0217   0.0236  -0.3343  -0.3343
i             0.6652   0.5151   0.4658   1.0000   0.6652   0.8269   0.6652   0.6652   0.0115  -0.5978  -0.5995  -0.0314  -0.0314
h             1.0000   0.8440   0.9455   0.6652   1.0000   0.9649   1.0000   1.0000  -0.0940  -0.0062  -0.0058  -0.0908  -0.0908
A             0.9649   0.7528   0.8373   0.8269   0.9649   1.0000   0.9649   0.9649   0.0198  -0.1504  -0.1509   0.0083   0.0083
y_h           1.0000   0.8440   0.9455   0.6652   1.0000   0.9649   1.0000   1.0000  -0.0940  -0.0062  -0.0058  -0.0908  -0.0908
w             1.0000   0.8440   0.9455   0.6652   1.0000   0.9649   1.0000   1.0000  -0.0940  -0.0062  -0.0058  -0.0908  -0.0908
d            -0.0940  -0.6133  -0.3495   0.0115  -0.0940   0.0198  -0.0940  -0.0940   1.0000   0.5225   0.5186   0.9982   0.9982
tb           -0.0062  -0.2791   0.0217  -0.5978  -0.0062  -0.1504  -0.0062  -0.0062   0.5225   1.0000   1.0000   0.5732   0.5732
ca           -0.0058  -0.2766   0.0236  -0.5995  -0.0058  -0.1509  -0.0058  -0.0058   0.5186   1.0000   1.0000   0.5695   0.5695
p            -0.0908  -0.6092  -0.3343  -0.0314  -0.0908   0.0083  -0.0908  -0.0908   0.9982   0.5732   0.5695   1.0000   1.0000
r            -0.0908  -0.6092  -0.3343  -0.0314  -0.0908   0.0083  -0.0908  -0.0908   0.9982   0.5732   0.5695   1.0000   1.0000



COEFFICIENTS OF AUTOCORRELATION
Order           1        2        3        4        5
y          0.6162   0.3581   0.2041   0.1180   0.0718
c          0.7818   0.6355   0.5481   0.4986   0.4715
k          0.7852   0.5515   0.3858   0.2843   0.2265
i          0.0626  -0.1404  -0.1360  -0.0920  -0.0538
h          0.6162   0.3581   0.2041   0.1180   0.0718
A          0.4200   0.1764   0.0741   0.0311   0.0131
y_h        0.6162   0.3581   0.2041   0.1180   0.0718
w          0.6162   0.3581   0.2041   0.1180   0.0718
d          0.9982   0.9952   0.9919   0.9885   0.9852
tb         0.5217   0.3578   0.3060   0.2920   0.2894
ca         0.5189   0.3540   0.3019   0.2878   0.2853
p          0.9982   0.9952   0.9919   0.9885   0.9852
r          0.9982   0.9952   0.9919   0.9885   0.9852
 
----------------------------------
Relative Standard Deviations in %
----------------------------------
VARIABLE        REL. STD. DEV.
y                3.080
c                2.704
k                1.438
i                9.055
h                2.117
A                1.421
y_h              0.963
w                0.963
d               48.212
tb              89.135
ca              89.753
p                  Inf
r                0.666
Total computing time : 0h00m06s
