Starting Dynare (version 6.2).
Calling Dynare with arguments: none
Starting preprocessing of the model file ... 
Found 13 equation(s). 
Evaluating expressions... 
Computing static model derivatives (order 1). 
Normalizing the static model... 
Finding the optimal block decomposition of the static model... 
3 block(s) found: 
  2 recursive block(s) and 1 simultaneous block(s). 
  the largest simultaneous block has 8 equation(s) 
                                 and 8 feedback variable(s). 
Computing dynamic model derivatives (order 1). 
Normalizing the dynamic model... 
Finding the optimal block decomposition of the dynamic model... 
3 block(s) found: 
  2 recursive block(s) and 1 simultaneous block(s). 
  the largest simultaneous block has 8 equation(s) 
                                 and 7 feedback variable(s). 
Preprocessing completed. 
Preprocessing time: 0h00m02s.

STEADY-STATE RESULTS:

y   		 2.30949
c   		 1.88271
k   		 7.5013
i   		 0.399069
h   		 1.29278
A   		 1
y_h 		 1.78645
w   		 1.19692
d   		 0.5725
tb  		 2.7709
ca  		 2.74319
p   		 0
r   		 0.0484

MODEL SUMMARY

  Number of variables:         13
  Number of stochastic shocks: 1
  Number of state variables:   3
  Number of jumpers:           4
  Number of static variables:  7


MATRIX OF COVARIANCE OF EXOGENOUS SHOCKS
Variables           e
e            0.000166

POLICY AND TRANSITION FUNCTIONS
                                   y               c               k               i               h               A             y_h               w               d              tb              ca               p               r
Constant                    2.309490        1.882712        7.501296        0.399069        1.292778        1.000000        1.786455        1.196925        0.572500        2.770900        2.743191               0        0.048400
A(-1)                       3.091353        1.664096        4.768733        4.768733        1.017906        0.811000        0.984631        0.659703        3.341475     -334.147528     -334.147528               0               0
d(-1)                              0       -0.075249       -0.039266       -0.039266               0               0               0               0        0.934310       11.451537       11.402712        0.000742        0.000742
k(-1)                       0.167689        0.136483        0.659162       -0.287638        0.055216               0        0.053411        0.035785       -0.318844       31.884432       31.884432               0               0
e                           3.811780        2.051906        5.880065        5.880065        1.255125        1.000000        1.214095        0.813444        4.120191     -412.019146     -412.019146               0               0


THEORETICAL MOMENTS
VARIABLE         MEAN  STD. DEV.   VARIANCE
y              2.3095     0.1265     0.0160
c              1.8827     0.0846     0.0071
k              7.5013     0.3105     0.0964
i              0.3991     0.0877     0.0077
h              1.2928     0.0417     0.0017
A              1.0000     0.0220     0.0005
y_h            1.7865     0.0403     0.0016
w              1.1969     0.0270     0.0007
d              0.5725     0.4010     0.1608
tb             2.7709     7.4018    54.7870
ca             2.7432     7.3951    54.6870
p              0.0000     0.0003     0.0000
r              0.0484     0.0003     0.0000



MATRIX OF CORRELATIONS
Variables          y        c        k        i        h        A      y_h        w        d       tb       ca        p        r
y             1.0000   0.9228   0.9784   0.4977   1.0000   0.9575   1.0000   1.0000   0.0846   0.0654   0.0652   0.0922   0.0922
c             0.9228   1.0000   0.9555   0.3652   0.9228   0.8318   0.9228   0.9228  -0.3056   0.0023   0.0031  -0.2910  -0.2910
k             0.9784   0.9555   1.0000   0.3245   0.9784   0.8788   0.9784   0.9784  -0.0494   0.1965   0.1967  -0.0125  -0.0125
i             0.4977   0.3652   0.3245   1.0000   0.4977   0.7219   0.4977   0.4977   0.2659  -0.7516  -0.7526   0.1212   0.1212
h             1.0000   0.9228   0.9784   0.4977   1.0000   0.9575   1.0000   1.0000   0.0846   0.0654   0.0652   0.0922   0.0922
A             0.9575   0.8318   0.8788   0.7219   0.9575   1.0000   0.9575   0.9575   0.2089  -0.1691  -0.1697   0.1694   0.1694
y_h           1.0000   0.9228   0.9784   0.4977   1.0000   0.9575   1.0000   1.0000   0.0846   0.0654   0.0652   0.0922   0.0922
w             1.0000   0.9228   0.9784   0.4977   1.0000   0.9575   1.0000   1.0000   0.0846   0.0654   0.0652   0.0922   0.0922
d             0.0846  -0.3056  -0.0494   0.2659   0.0846   0.2089   0.0846   0.0846   1.0000   0.1787   0.1762   0.9849   0.9849
tb            0.0654   0.0023   0.1965  -0.7516   0.0654  -0.1691   0.0654   0.0654   0.1787   1.0000   1.0000   0.3464   0.3464
ca            0.0652   0.0031   0.1967  -0.7526   0.0652  -0.1697   0.0652   0.0652   0.1762   1.0000   1.0000   0.3440   0.3440
p             0.0922  -0.2910  -0.0125   0.1212   0.0922   0.1694   0.0922   0.0922   0.9849   0.3464   0.3440   1.0000   1.0000
r             0.0922  -0.2910  -0.0125   0.1212   0.0922   0.1694   0.0922   0.0922   0.9849   0.3464   0.3440   1.0000   1.0000



COEFFICIENTS OF AUTOCORRELATION
Order           1        2        3        4        5
y          0.9183   0.8153   0.7088   0.6082   0.5177
c          0.9488   0.8888   0.8278   0.7698   0.7167
k          0.9593   0.8804   0.7877   0.6945   0.6074
i          0.4872   0.1948   0.0342  -0.0487  -0.0865
h          0.9183   0.8153   0.7088   0.6082   0.5177
A          0.8110   0.6577   0.5334   0.4326   0.3508
y_h        0.9183   0.8153   0.7088   0.6082   0.5177
w          0.9183   0.8153   0.7088   0.6082   0.5177
d          0.9849   0.9544   0.9172   0.8780   0.8395
tb         0.5420   0.2752   0.1237   0.0409  -0.0015
ca         0.5414   0.2743   0.1226   0.0398  -0.0026
p          0.9849   0.9544   0.9172   0.8780   0.8395
r          0.9849   0.9544   0.9172   0.8780   0.8395
 
----------------------------------
Relative Standard Deviations in %
----------------------------------
VARIABLE        REL. STD. DEV.
y                5.479
c                4.491
k                4.139
i               21.985
h                3.223
A                2.205
y_h              2.256
w                2.256
d               70.043
tb             267.127
ca             269.579
p                  Inf
r                0.615
Total computing time : 0h00m05s
